============================= test session starts ==============================
platform darwin -- Python 3.10.2, pytest-7.0.1, pluggy-1.0.0 -- /Users/alexwell/PycharmProjects/testforwork/venv/bin/python
cachedir: .pytest_cache
rootdir: /Users/alexwell/PycharmProjects/testforwork
collecting ... collected 2753 items

test_main.py::TestMainPage::test_find_button[http://www.google.com/schemas/sitemap/0.84] FAILED [  0%]
test_main.py::TestMainPage::test_find_button[http://www.w3.org/2001/XMLSchema-instance] FAILED [  0%]
test_main.py::TestMainPage::test_find_button[http://www.google.com/schemas/sitemap/0.84 \nhttp://www.google.com/schemas/sitemap/0.84/sitemap.xsd] FAILED [  0%]
test_main.py::TestMainPage::test_find_button[https://spb.restate.ru/] FAILED [  0%]
test_main.py::TestMainPage::test_find_button[https://spb.restate.ru/complex/lermontovskiy-54-5255.html] PASSED [  0%]
test_main.py::TestMainPage::test_find_button[https://spb.restate.ru/complex/25-7-zanevskiy-5254.html] PASSED [  0%]
test_main.py::TestMainPage::test_find_button[https://spb.restate.ru/complex/lisichanskaya-22-5252.html] PASSED [  0%]
test_main.py::TestMainPage::test_find_button[https://spb.restate.ru/complex/id-svetlanovskiy-5225.html] PASSED [  0%]
test_main.py::TestMainPage::test_find_button[https://spb.restate.ru/complex/landrin-loft-5222.html] PASSED [  0%]
test_main.py::TestMainPage::test_find_button[https://spb.restate.ru/complex/lesart-5216.html] PASSED [  0%]
test_main.py::TestMainPage::test_find_button[https://spb.restate.ru/complex/polis-lavriki-5209.html] PASSED [  0%]
test_main.py::TestMainPage::test_find_button[https://spb.restate.ru/complex/simple-5206.html] PASSED [  0%]
test_main.py::TestMainPage::test_find_button[https://spb.restate.ru/complex/yes-leader-5202.html] PASSED [  0%]
test_main.py::TestMainPage::test_find_button[https://spb.restate.ru/complex/obrazcovyy-kvartal-11-5195.html] PASSED [  0%]
test_main.py::TestMainPage::test_find_button[https://spb.restate.ru/complex/polis-primorskiy-2-5193.html] PASSED [  0%]
test_main.py::TestMainPage::test_find_button[https://spb.restate.ru/complex/bereg-kurortnyy-5192.html] PASSED [  0%]
test_main.py::TestMainPage::test_find_button[https://spb.restate.ru/complex/cvetnoy-gorod-duopark-5186.html] PASSED [  0%]
test_main.py::TestMainPage::test_find_button[https://spb.restate.ru/complex/belevsky-club-5183.html] PASSED [  0%]
test_main.py::TestMainPage::test_find_button[https://spb.restate.ru/complex/glorax-aura-vasileostrovsky-5181.html] PASSED [  0%]
test_main.py::TestMainPage::test_find_button[https://spb.restate.ru/complex/uno-5180.html] PASSED [  0%]
test_main.py::TestMainPage::test_find_button[https://spb.restate.ru/complex/dom-na-vasilevskom-5174.html] PASSED [  0%]
test_main.py::TestMainPage::test_find_button[https://spb.restate.ru/complex/murino-space-5172.html] PASSED [  0%]
test_main.py::TestMainPage::test_find_button[https://spb.restate.ru/complex/morskaya-rivera-5158.html] PASSED [  0%]
test_main.py::TestMainPage::test_find_button[https://spb.restate.ru/complex/listva-5153.html] PASSED [  0%]
test_main.py::TestMainPage::test_find_button[https://spb.restate.ru/complex/glorax-city-zanevsky-5150.html] PASSED [  0%]
test_main.py::TestMainPage::test_find_button[https://spb.restate.ru/complex/cube-5149.html] PASSED [  0%]
test_main.py::TestMainPage::test_find_button[https://spb.restate.ru/complex/na-nab-obvodnogo-kanala-118a-5143.html] FAILED [  0%]
test_main.py::TestMainPage::test_find_button[https://spb.restate.ru/complex/obrazcovyy-kvartal-10-5119.html] PASSED [  1%]
test_main.py::TestMainPage::test_find_button[https://spb.restate.ru/complex/obrazcovyy-kvartal-9-5118.html] PASSED [  1%]
test_main.py::TestMainPage::test_find_button[https://spb.restate.ru/complex/yaninskiy-les-5114.html] PASSED [  1%]
test_main.py::TestMainPage::test_find_button[https://spb.restate.ru/complex/nasledie-5111.html] PASSED [  1%]
test_main.py::TestMainPage::test_find_button[https://spb.restate.ru/complex/shekspir-5108.html] PASSED [  1%]
test_main.py::TestMainPage::test_find_button[https://spb.restate.ru/complex/bayron-5107.html] PASSED [  1%]
test_main.py::TestMainPage::test_find_button[https://spb.restate.ru/complex/krona-5102.html] PASSED [  1%]
test_main.py::TestMainPage::test_find_button[https://spb.restate.ru/complex/master-place-5092.html] PASSED [  1%]
test_main.py::TestMainPage::test_find_button[https://spb.restate.ru/complex/taym-skver-5091.html] PASSED [  1%]
test_main.py::TestMainPage::test_find_button[https://spb.restate.ru/complex/oktyabrskaya-naberezhnaya-5090.html] PASSED [  1%]
test_main.py::TestMainPage::test_find_button[https://spb.restate.ru/complex/tihaya-gavan-5089.html] PASSED [  1%]
test_main.py::TestMainPage::test_find_button[https://spb.restate.ru/complex/halkon-5084.html] PASSED [  1%]
test_main.py::TestMainPage::test_find_button[https://spb.restate.ru/complex/tallinskiy-park-5078.html] PASSED [  1%]
test_main.py::TestMainPage::test_find_button[https://spb.restate.ru/complex/kirovsky-avenir-5077.html] PASSED [  1%]
test_main.py::TestMainPage::test_find_button[https://spb.restate.ru/complex/moskovsky-avenir-5075.html] PASSED [  1%]
test_main.py::TestMainPage::test_find_button[https://spb.restate.ru/complex/kudrovskiy-park-5072.html] PASSED [  1%]
test_main.py::TestMainPage::test_find_button[https://spb.restate.ru/complex/chernaya-rechka-41-5071.html] PASSED [  1%]
test_main.py::TestMainPage::test_find_button[https://spb.restate.ru/complex/chkalov-5067.html] PASSED [  1%]
test_main.py::TestMainPage::test_find_button[https://spb.restate.ru/complex/belart-5061.html] 
quit browser..


=========================== short test summary info ============================
FAILED test_main.py::TestMainPage::test_find_button[http://www.google.com/schemas/sitemap/0.84]
FAILED test_main.py::TestMainPage::test_find_button[http://www.w3.org/2001/XMLSchema-instance]
FAILED test_main.py::TestMainPage::test_find_button[http://www.google.com/schemas/sitemap/0.84 \nhttp://www.google.com/schemas/sitemap/0.84/sitemap.xsd]
FAILED test_main.py::TestMainPage::test_find_button[https://spb.restate.ru/]
FAILED test_main.py::TestMainPage::test_find_button[https://spb.restate.ru/complex/na-nab-obvodnogo-kanala-118a-5143.html]
!!!!!!!!!!!!!!!!!!!!!!!!!!!!!! KeyboardInterrupt !!!!!!!!!!!!!!!!!!!!!!!!!!!!!!!
/Library/Frameworks/Python.framework/Versions/3.10/lib/python3.10/socket.py:705: KeyboardInterrupt
(to show a full traceback on KeyboardInterrupt use --full-trace)
================== 5 failed, 40 passed in 1265.56s (0:21:05) ===================
